# JRE version: Java(TM) SE Runtime Environment (8.0_151-b12) (build 1.8.0_151-b12)
# Java VM: Java HotSpot(TM) 64-Bit Server VM (25.151-b12 mixed mode windows-amd64 compressed oops)
Heap:
 PSYoungGen      total 360448K, used 21449K [0x00000000d5d80000, 0x00000000ed480000, 0x0000000100000000)
  eden space 344576K, 6% used [0x00000000d5d80000,0x00000000d72727e8,0x00000000eae00000)
  from space 15872K, 0% used [0x00000000eb580000,0x00000000eb580000,0x00000000ec500000)
  to   space 12800K, 0% used [0x00000000ec800000,0x00000000ec800000,0x00000000ed480000)
 ParOldGen       total 68608K, used 17082K [0x0000000081800000, 0x0000000085b00000, 0x00000000d5d80000)
  object space 68608K, 24% used [0x0000000081800000,0x00000000828ae958,0x0000000085b00000)
 Metaspace       used 46101K, capacity 48132K, committed 48424K, reserved 1093632K
  class space    used 6461K, capacity 6858K, committed 6952K, reserved 1048576K
GC Heap History (10 events):
Event: 4.000 GC heap before
{Heap before GC invocations=11 (full 2):
 PSYoungGen      total 256512K, used 10635K [0x00000000d5d80000, 0x00000000ed680000, 0x0000000100000000)
  eden space 242176K, 0% used [0x00000000d5d80000,0x00000000d5d80000,0x00000000e4a00000)
  from space 14336K, 74% used [0x00000000e4a00000,0x00000000e5462db8,0x00000000e5800000)
  to   space 14848K, 0% used [0x00000000ec800000,0x00000000ec800000,0x00000000ed680000)
 ParOldGen       total 47616K, used 9888K [0x0000000081800000, 0x0000000084680000, 0x00000000d5d80000)
  object space 47616K, 20% used [0x0000000081800000,0x00000000821a82f8,0x0000000084680000)
 Metaspace       used 33609K, capacity 35386K, committed 35496K, reserved 1079296K
  class space    used 4422K, capacity 4759K, committed 4776K, reserved 1048576K
Event: 4.072 GC heap after
Heap after GC invocations=11 (full 2):
 PSYoungGen      total 256512K, used 0K [0x00000000d5d80000, 0x00000000ed680000, 0x0000000100000000)
  eden space 242176K, 0% used [0x00000000d5d80000,0x00000000d5d80000,0x00000000e4a00000)
  from space 14336K, 0% used [0x00000000e4a00000,0x00000000e4a00000,0x00000000e5800000)
  to   space 14848K, 0% used [0x00000000ec800000,0x00000000ec800000,0x00000000ed680000)
 ParOldGen       total 68608K, used 16168K [0x0000000081800000, 0x0000000085b00000, 0x00000000d5d80000)
  object space 68608K, 23% used [0x0000000081800000,0x00000000827ca090,0x0000000085b00000)
 Metaspace       used 33609K, capacity 35386K, committed 35496K, reserved 1079296K
  class space    used 4422K, capacity 4759K, committed 4776K, reserved 1048576K
}
Event: 4.999 GC heap before
{Heap before GC invocations=12 (full 2):
 PSYoungGen      total 256512K, used 86935K [0x00000000d5d80000, 0x00000000ed680000, 0x0000000100000000)
  eden space 242176K, 35% used [0x00000000d5d80000,0x00000000db265ec0,0x00000000e4a00000)
  from space 14336K, 0% used [0x00000000e4a00000,0x00000000e4a00000,0x00000000e5800000)
  to   space 14848K, 0% used [0x00000000ec800000,0x00000000ec800000,0x00000000ed680000)
 ParOldGen       total 68608K, used 16168K [0x0000000081800000, 0x0000000085b00000, 0x00000000d5d80000)
  object space 68608K, 23% used [0x0000000081800000,0x00000000827ca090,0x0000000085b00000)
 Metaspace       used 44933K, capacity 46922K, committed 47144K, reserved 1093632K
  class space    used 6280K, capacity 6677K, committed 6696K, reserved 1048576K
Event: 5.011 GC heap after
Heap after GC invocations=12 (full 2):
 PSYoungGen      total 357376K, used 12311K [0x00000000d5d80000, 0x00000000ed480000, 0x0000000100000000)
  eden space 344576K, 0% used [0x00000000d5d80000,0x00000000d5d80000,0x00000000eae00000)
  from space 12800K, 96% used [0x00000000ec800000,0x00000000ed405f38,0x00000000ed480000)
  to   space 15872K, 0% used [0x00000000eb580000,0x00000000eb580000,0x00000000ec500000)
 ParOldGen       total 68608K, used 16176K [0x0000000081800000, 0x0000000085b00000, 0x00000000d5d80000)
  object space 68608K, 23% used [0x0000000081800000,0x00000000827cc090,0x0000000085b00000)
 Metaspace       used 44933K, capacity 46922K, committed 47144K, reserved 1093632K
  class space    used 6280K, capacity 6677K, committed 6696K, reserved 1048576K
}
Event: 5.011 GC heap before
{Heap before GC invocations=13 (full 3):
 PSYoungGen      total 357376K, used 12311K [0x00000000d5d80000, 0x00000000ed480000, 0x0000000100000000)
  eden space 344576K, 0% used [0x00000000d5d80000,0x00000000d5d80000,0x00000000eae00000)
  from space 12800K, 96% used [0x00000000ec800000,0x00000000ed405f38,0x00000000ed480000)
  to   space 15872K, 0% used [0x00000000eb580000,0x00000000eb580000,0x00000000ec500000)
 ParOldGen       total 68608K, used 16176K [0x0000000081800000, 0x0000000085b00000, 0x00000000d5d80000)
  object space 68608K, 23% used [0x0000000081800000,0x00000000827cc090,0x0000000085b00000)
 Metaspace       used 44933K, capacity 46922K, committed 47144K, reserved 1093632K
  class space    used 6280K, capacity 6677K, committed 6696K, reserved 1048576K
Event: 5.136 GC heap after
Heap after GC invocations=13 (full 3):
 PSYoungGen      total 357376K, used 0K [0x00000000d5d80000, 0x00000000ed480000, 0x0000000100000000)
  eden space 344576K, 0% used [0x00000000d5d80000,0x00000000d5d80000,0x00000000eae00000)
  from space 12800K, 0% used [0x00000000ec800000,0x00000000ec800000,0x00000000ed480000)
  to   space 15872K, 0% used [0x00000000eb580000,0x00000000eb580000,0x00000000ec500000)
 ParOldGen       total 68608K, used 25572K [0x0000000081800000, 0x0000000085b00000, 0x00000000d5d80000)
  object space 68608K, 37% used [0x0000000081800000,0x00000000830f92d0,0x0000000085b00000)
 Metaspace       used 44933K, capacity 46922K, committed 47144K, reserved 1091584K
  class space    used 6280K, capacity 6677K, committed 6696K, reserved 1048576K
}
Event: 5.206 GC heap before
{Heap before GC invocations=14 (full 3):
 PSYoungGen      total 357376K, used 13152K [0x00000000d5d80000, 0x00000000ed480000, 0x0000000100000000)
  eden space 344576K, 3% used [0x00000000d5d80000,0x00000000d6a581e0,0x00000000eae00000)
  from space 12800K, 0% used [0x00000000ec800000,0x00000000ec800000,0x00000000ed480000)
  to   space 15872K, 0% used [0x00000000eb580000,0x00000000eb580000,0x00000000ec500000)
 ParOldGen       total 68608K, used 25572K [0x0000000081800000, 0x0000000085b00000, 0x00000000d5d80000)
  object space 68608K, 37% used [0x0000000081800000,0x00000000830f92d0,0x0000000085b00000)
 Metaspace       used 45280K, capacity 47260K, committed 47528K, reserved 1095680K
  class space    used 6355K, capacity 6744K, committed 6824K, reserved 1048576K
Event: 5.208 GC heap after
Heap after GC invocations=14 (full 3):
 PSYoungGen      total 360448K, used 736K [0x00000000d5d80000, 0x00000000ed480000, 0x0000000100000000)
  eden space 344576K, 0% used [0x00000000d5d80000,0x00000000d5d80000,0x00000000eae00000)
  from space 15872K, 4% used [0x00000000eb580000,0x00000000eb638000,0x00000000ec500000)
  to   space 12800K, 0% used [0x00000000ec800000,0x00000000ec800000,0x00000000ed480000)
 ParOldGen       total 68608K, used 25580K [0x0000000081800000, 0x0000000085b00000, 0x00000000d5d80000)
  object space 68608K, 37% used [0x0000000081800000,0x00000000830fb2d0,0x0000000085b00000)
 Metaspace       used 45280K, capacity 47260K, committed 47528K, reserved 1095680K
  class space    used 6355K, capacity 6744K, committed 6824K, reserved 1048576K
}
Event: 5.208 GC heap before
{Heap before GC invocations=15 (full 4):
 PSYoungGen      total 360448K, used 736K [0x00000000d5d80000, 0x00000000ed480000, 0x0000000100000000)
  eden space 344576K, 0% used [0x00000000d5d80000,0x00000000d5d80000,0x00000000eae00000)
  from space 15872K, 4% used [0x00000000eb580000,0x00000000eb638000,0x00000000ec500000)
  to   space 12800K, 0% used [0x00000000ec800000,0x00000000ec800000,0x00000000ed480000)
 ParOldGen       total 68608K, used 25580K [0x0000000081800000, 0x0000000085b00000, 0x00000000d5d80000)
  object space 68608K, 37% used [0x0000000081800000,0x00000000830fb2d0,0x0000000085b00000)
 Metaspace       used 45280K, capacity 47260K, committed 47528K, reserved 1095680K
  class space    used 6355K, capacity 6744K, committed 6824K, reserved 1048576K
Event: 5.256 GC heap after
Heap after GC invocations=15 (full 4):
 PSYoungGen      total 360448K, used 0K [0x00000000d5d80000, 0x00000000ed480000, 0x0000000100000000)
  eden space 344576K, 0% used [0x00000000d5d80000,0x00000000d5d80000,0x00000000eae00000)
  from space 15872K, 0% used [0x00000000eb580000,0x00000000eb580000,0x00000000ec500000)
  to   space 12800K, 0% used [0x00000000ec800000,0x00000000ec800000,0x00000000ed480000)
 ParOldGen       total 68608K, used 17082K [0x0000000081800000, 0x0000000085b00000, 0x00000000d5d80000)
  object space 68608K, 24% used [0x0000000081800000,0x00000000828ae958,0x0000000085b00000)
 Metaspace       used 45280K, capacity 47260K, committed 47528K, reserved 1093632K
  class space    used 6355K, capacity 6744K, committed 6824K, reserved 1048576K
}

